<?xml version="1.0" encoding="UTF-8"?>
<!-- Generated by org.testng.reporters.JUnitReportReporter -->
<testsuite hostname="IBM893-PC0ATXR5" name="mavenTesting.mavenJenkinsSetup" tests="1" failures="0" timestamp="18 Mar 2019 19:37:55 GMT" time="10.428" errors="0">
  <testcase name="GitSetup" time="10.428" classname="mavenTesting.mavenJenkinsSetup"/>
</testsuite> <!-- mavenTesting.mavenJenkinsSetup -->
